<?xml version="1.0" encoding="UTF-8"?>
<testng-results ignored="0" total="1" passed="1" failed="0" skipped="0">
  <reporter-output>
  </reporter-output>
  <suite started-at="2024-12-28T20:24:40 IST" name="Default suite" finished-at="2024-12-28T20:25:18 IST" duration-ms="38127">
    <groups>
    </groups>
    <test started-at="2024-12-28T20:24:40 IST" name="Default test" finished-at="2024-12-28T20:25:18 IST" duration-ms="38127">
      <class name="testCases.Test_LoginPage">
        <test-method is-config="true" signature="setup()[pri:0, instance:testCases.Test_LoginPage@179ece50]" started-at="2024-12-28T20:24:40 IST" name="setup" finished-at="2024-12-28T20:24:48 IST" duration-ms="8051" status="PASS">
          <reporter-output>
          </reporter-output>
        </test-method> <!-- setup -->
        <test-method signature="verify_Login()[pri:0, instance:testCases.Test_LoginPage@179ece50]" started-at="2024-12-28T20:24:48 IST" name="verify_Login" finished-at="2024-12-28T20:25:18 IST" duration-ms="29828" status="PASS">
          <reporter-output>
          </reporter-output>
        </test-method> <!-- verify_Login -->
        <test-method is-config="true" signature="teardown()[pri:0, instance:testCases.Test_LoginPage@179ece50]" started-at="2024-12-28T20:25:18 IST" name="teardown" finished-at="2024-12-28T20:25:18 IST" duration-ms="202" status="PASS">
          <reporter-output>
          </reporter-output>
        </test-method> <!-- teardown -->
      </class> <!-- testCases.Test_LoginPage -->
    </test> <!-- Default test -->
  </suite> <!-- Default suite -->
</testng-results>
